ISim log file
Running: C:\Users\enkor\Downloads\UCiSW_projekt-led\testbench_isim_beh.exe -intstyle ise -gui -tclbatch isim.cmd -wdb C:/Users/enkor/Downloads/UCiSW_projekt-led/testbench_isim_beh.wdb 
INFO: There is another simulation running in the same directory. Using database file name isim1.wdb.
ISim P.20131013 (signature 0x7708f090)
WARNING: A WEBPACK license was found.
WARNING: Please use Xilinx License Configuration Manager to check out a full ISim license.
WARNING: ISim will run in Lite mode. Please refer to the ISim documentation for more information on the differences between the Lite and the Full version.
This is a Lite version of ISim.
Time resolution is 1 ps
# onerror resume
# wave add /
# run 1000 ns
Simulator is doing circuit initialization process.
Finished circuit initialization process.
# run all
Stopped at time : 49493120 ns : File "C:/Users/enkor/Downloads/UCiSW_projekt-led/vga_driver.vhd" Line 123
ISim P.20131013 (signature 0x7708f090)
WARNING: A WEBPACK license was found.
WARNING: Please use Xilinx License Configuration Manager to check out a full ISim license.
WARNING: ISim will run in Lite mode. Please refer to the ISim documentation for more information on the differences between the Lite and the Full version.
This is a Lite version of ISim.
# run 1000 ns
Simulator is doing circuit initialization process.
Finished circuit initialization process.
# run all
Stopped at time : 9324685 ns : File "C:/Users/enkor/Downloads/UCiSW_projekt-led/vga_driver.vhd" Line 144
# run all
Stopped at time : 22609735 ns : File "C:/Users/enkor/Downloads/UCiSW_projekt-led/vga_driver.vhd" Line 204
# run all
Stopped at time : 27210115 ns : File "C:/Users/enkor/Downloads/UCiSW_projekt-led/vga_driver.vhd" Line 168
# restart
# run all
Simulator is doing circuit initialization process.
Finished circuit initialization process.
Stopped at time : 13030455 ns : File "C:/Users/enkor/Downloads/UCiSW_projekt-led/vga_driver.vhd" Line 140
# run all
Stopped at time : 150543075 ns : File "C:/Users/enkor/Downloads/UCiSW_projekt-led/vga_driver.vhd" Line 140
