Command line:
   vhdl_tb_isim_beh.exe
     -simmode  gui
     -simrunnum  0
     -socket  49796

Sun May 30 17:53:07 2021


 Elaboration Time: 0.0625 sec

 Current Memory Usage: 5156.81 Meg

 Total Signals          : 80
 Total Nets             : 125
 Total Signal Drivers   : 40
 Total Blocks           : 6
 Total Primitive Blocks : 4
 Total Processes        : 31
 Total Traceable Variables  : 33
 Total Scalar Nets and Variables : 787
Total Line Count : 121

 Total Simulation Time: 0.078125 sec

 Current Memory Usage: 4999.53 Meg

Sun May 30 17:54:45 2021

